<?xml version="1.0" encoding="UTF-8"?>
<!-- Generated by org.testng.reporters.JUnitXMLReporter -->
<testsuite hostname="TEMS-CTXHSD1" ignored="0" name="Test" tests="2" failures="1" timestamp="2021-05-18T10:15:41 IST" time="4.893" errors="0">
  <testcase name="GoogleTitleVerify" time="4.857" classname="listenersdemo.MyfirstTestcCase"/>
  <testcase name="TitleMatch" time="0.004" classname="listenersdemo.MyfirstTestcCase">
    <failure type="java.lang.AssertionError" message="expected [true] but found [false]">
      <![CDATA[java.lang.AssertionError: expected [true] but found [false]
at listenersdemo.MyfirstTestcCase.TitleMatch(MyfirstTestcCase.java:25)
at java.util.ArrayList.forEach(ArrayList.java:1259)
... Removed 31 stack frames]]>
    </failure>
  </testcase> <!-- TitleMatch -->
</testsuite> <!-- Test -->
