<?xml version="1.0" encoding="UTF-8"?>
<testng-results skipped="0" failed="0" ignored="0" total="2" passed="2">
  <reporter-output>
  </reporter-output>
  <suite name="DemoXMLFilesCreation" duration-ms="46" started-at="2021-05-18T10:54:39 IST" finished-at="2021-05-18T10:54:39 IST">
    <groups>
    </groups>
    <test name="demoxml" duration-ms="46" started-at="2021-05-18T10:54:39 IST" finished-at="2021-05-18T10:54:39 IST">
      <class name="crossBrowsers.XmlDemo1">
        <test-method status="PASS" signature="displayResult()[pri:0, instance:crossBrowsers.XmlDemo1@6c49835d]" name="displayResult" duration-ms="2" started-at="2021-05-18T10:54:39 IST" finished-at="2021-05-18T10:54:39 IST">
          <reporter-output>
          </reporter-output>
        </test-method> <!-- displayResult -->
      </class> <!-- crossBrowsers.XmlDemo1 -->
      <class name="crossBrowsers.XmlDemo">
        <test-method status="PASS" signature="displayResult()[pri:0, instance:crossBrowsers.XmlDemo@5a8806ef]" name="displayResult" duration-ms="9" started-at="2021-05-18T10:54:39 IST" finished-at="2021-05-18T10:54:39 IST">
          <reporter-output>
          </reporter-output>
        </test-method> <!-- displayResult -->
      </class> <!-- crossBrowsers.XmlDemo -->
    </test> <!-- demoxml -->
  </suite> <!-- DemoXMLFilesCreation -->
</testng-results>
